Sample,Filtered,Dual_QRS
1751,0,0
1688,0,0
1712,1,0
1747,6,0
1750,22,0
1755,52,0
1803,100,0
1895,169,0
1993,261,0
2102,375,0
2147,511,0
2136,665,0
1922,834,0
1759,1012,0
1712,1193,0
1686,1371,0
1672,1539,0
1731,1691,0
1765,1823,0
1764,1931,0
1740,2011,0
1752,2064,0
1767,2089,0
1766,2086,0
1759,2061,0
1744,2017,0
1744,1961,0
1756,1898,0
1790,1830,0
1791,1762,0
1782,1697,0
1797,1638,0
1833,1589,0
1870,1552,0
1919,1529,0
2001,1519,0
2093,1523,0
1882,1539,0
1865,1564,0
1853,1597,0
1721,1635,0
2362,1678,0
1721,1767,1
2362,1767,1
3076,1767,1
1514,1767,1
1514,1767,1
1858,1808,0
1853,1846,0
1855,1880,0
1900,1907,0
1975,1928,0
2014,1940,0
2054,1943,0
2099,1940,0
2229,1929,0
2329,1914,0
2382,1898,0
2286,1883,0
2012,1871,0
1911,1864,0
1910,1864,0
1910,1869,0
1875,1880,0
1890,1895,0
1915,1912,0
1943,1930,0
1923,1948,0
1914,1964,0
1902,1975,0
1929,1979,0
1969,1978,0
1943,1970,0
1938,1959,0
1933,1943,0
1951,1922,0
1981,1897,0
1992,1870,0
1970,1843,0
1958,1817,0
1963,1795,0
1999,1777,0
2015,1764,0
2088,1757,0
2134,1755,0
2149,1758,0
1949,1766,0
1939,1778,0
1897,1792,0
1561,1812,0
1561,1883,1
3173,1883,1
2502,1883,1
1633,1883,1
1633,1883,1
1827,1906,0
1831,1926,0
1847,1942,0
1895,1953,0
1945,1960,0
1951,1961,0
1998,1958,0
2105,1950,0
2232,1940,0
2348,1927,0
2377,1913,0
2194,1899,0
1934,1887,0
1817,1879,0
1802,1877,0
1782,1880,0
1751,1887,0
1770,1898,0
1779,1907,0
1801,1915,0
1790,1921,0
1750,1924,0
1764,1921,0
1773,1912,0
1792,1898,0
1785,1878,0
1769,1852,0
1779,1823,0
1806,1789,0
1835,1754,0
1827,1718,0
1813,1685,0
1823,1657,0
1850,1634,0
1872,1619,0
1914,1610,0
1975,1609,0
2104,1615,0
1987,1626,0
1855,1642,0
1842,1660,0
1818,1681,0
1689,1702,0
1689,1748,1
3661,1748,1
1573,1748,1
1573,1748,1
1870,1773,0
1798,1797,0
1797,1822,0
1879,1845,0
1919,1866,0
1942,1882,0
1986,1893,0
2040,1899,0
2150,1901,0
2283,1897,0
2375,1891,0
2315,1884,0
2062,1878,0
1904,1874,0
1859,1873,0
1809,1875,0
1800,1883,0
1796,1894,0
1834,1908,0
1864,1920,0
1857,1929,0
1823,1935,0
1824,1937,0
1855,1932,0
1898,1922,0
1878,1906,0
1837,1887,0
1847,1865,0
1861,1839,0
1899,1812,0
1872,1784,0
1859,1757,0
1853,1734,0
1853,1715,0
1897,1702,0
1944,1694,0
2017,1692,0
2059,1695,0
1809,1703,0
1827,1714,0
1793,1728,0
1488,1744,0
1488,1775,1
3077,1775,1
2339,1775,1
2339,1775,1
1501,1789,0
1707,1801,0
1706,1813,0
1699,1825,0
1765,1836,0
1799,1845,0
1829,1850,0
1853,1849,0
1939,1842,0
2051,1832,0
2194,1818,0
2244,1803,0
2071,1786,0
1800,1771,0
1687,1757,0
1687,1749,0
1680,1746,0
1672,1749,0
1666,1753,0
1695,1759,0
1709,1764,0
1717,1770,0
1701,1774,0
1698,1774,0
1702,1770,0
1733,1763,0
1735,1751,0
1718,1735,0
1708,1715,0
1742,1692,0
1764,1668,0
1778,1645,0
1773,1624,0
1813,1607,0
1936,1594,0
2033,1585,0
1837,1582,0
1783,1583,0
1780,1588,0
1532,1597,0
1532,1622,1
3032,1622,1
2379,1622,1
2379,1622,1
1526,1639,0
1770,1661,0
1806,1686,0
1861,1715,0
1908,1745,0
1925,1774,0
1947,1800,0
2041,1822,0
2139,1838,0
2273,1850,0
2358,1858,0
2391,1864,0
2233,1868,0
2016,1872,0
1924,1877,0
1867,1884,0
1853,1894,0
1864,1907,0
1923,1921,0
1931,1937,0
1915,1952,0
1904,1965,0
1922,1973,0
1936,1975,0
1960,1971,0
1953,1963,0
1930,1950,0
1922,1935,0
1950,1918,0
1966,1897,0
1943,1874,0
1971,1850,0
2071,1827,0
2216,1806,0
2010,1789,0
1901,1776,0
1867,1768,0
1742,1765,0
2445,1766,0
1742,1781,1
2445,1781,1
3007,1781,1
1529,1781,1
1529,1781,1
1853,1797,0
1865,1817,0
1901,1840,0
1930,1865,0
1943,1889,0
1973,1911,0
1995,1930,0
2109,1945,0
2224,1955,0
2295,1960,0
2323,1961,0
2207,1956,0
1963,1949,0
1853,1942,0
1828,1936,0
1783,1932,0
1771,1929,0
1799,1928,0
1855,1925,0
1840,1920,0
1812,1914,0
1808,1906,0
1840,1895,0
1846,1880,0
1845,1864,0
1811,1846,0
1814,1826,0
1814,1803,0
1846,1781,0
1831,1760,0
1818,1741,0
1827,1725,0
1933,1710,0
2070,1697,0
1850,1685,0
1747,1677,0
1739,1671,0
1678,1668,0
2010,1668,0
1678,1676,1
2010,1676,1
3150,1676,1
1406,1676,1
1406,1676,1
1718,1687,0
1699,1702,0
1747,1720,0
1785,1740,0
1764,1760,0
1780,1779,0
1858,1796,0
1940,1809,0
2028,1819,0
2115,1825,0
2200,1826,0
2116,1824,0
1883,1818,0
1742,1810,0
1683,1800,0
1693,1789,0
1697,1777,0
1731,1766,0
1729,1757,0
1719,1749,0
1710,1743,0
1724,1738,0
1759,1733,0
1769,1727,0
1763,1720,0
1745,1713,0
1787,1707,0
1811,1700,0
1826,1691,0
1841,1680,0
1826,1668,0
1859,1656,0
1884,1645,0
1903,1634,0
1923,1626,0
1988,1620,0
2126,1620,0
2046,1626,0
1887,1637,0
1869,1651,0
1854,1669,0
1573,1691,0
1573,1743,1
3600,1743,1
1830,1743,1
1830,1743,1
1904,1770,0
1828,1797,0
1879,1825,0
1939,1851,0
1958,1877,0
1983,1901,0
2011,1923,0
2074,1940,0
2194,1953,0
2317,1961,0
2401,1964,0
2373,1963,0
2160,1960,0
1988,1957,0
1948,1954,0
1907,1951,0
1888,1949,0
1895,1947,0
1937,1946,0
1949,1945,0
1927,1945,0
1906,1945,0
1919,1946,0
1949,1947,0
1947,1944,0
1911,1939,0
1906,1931,0
1893,1921,0
1925,1909,0
1955,1894,0
1931,1876,0
1896,1857,0
1911,1838,0
1946,1820,0
1955,1805,0
1923,1792,0
1921,1783,0
1945,1778,0
2064,1777,0
2174,1780,0
1949,1786,0
1827,1794,0
1835,1804,0
1845,1815,0
1801,1826,0
1801,1845,1
3539,1845,1
1555,1845,1
1555,1845,1
1841,1852,0
1815,1859,0
1850,1866,0
1850,1874,0
1855,1882,0
1887,1891,0
1959,1898,0
2036,1900,0
2118,1898,0
2214,1892,0
2295,1883,0
2275,1871,0
2028,1862,0
1840,1855,0
1765,1851,0
1761,1850,0
1779,1852,0
1815,1856,0
1801,1863,0
1787,1870,0
1773,1874,0
1803,1876,0
1841,1874,0
1814,1869,0
1794,1858,0
1808,1843,0
1820,1825,0
1854,1804,0
1845,1783,0
1809,1762,0
1818,1741,0
1843,1719,0
1878,1698,0
1860,1681,0
1831,1666,0
1837,1656,0
1843,1650,0
1962,1648,0
2022,1651,0
2031,1657,0
1800,1666,0
1811,1677,0
1840,1690,0
1577,1706,0
1577,1766,1
2887,1766,1
2555,1766,1
1507,1766,1
1507,1766,1
1739,1785,0
1763,1805,0
1744,1825,0
1765,1843,0
1815,1859,0
1861,1872,0
1914,1880,0
1963,1881,0
2038,1875,0
2176,1862,0
2275,1844,0
2123,1825,0
1858,1806,0
1724,1791,0
1725,1779,0
1761,1772,0
1741,1770,0
1728,1772,0
1721,1777,0
1745,1785,0
1759,1792,0
1783,1797,0
1747,1799,0
1748,1799,0
1768,1793,0
1791,1783,0
1797,1769,0
1772,1752,0
1770,1734,0
1795,1715,0
1815,1697,0
1812,1679,0
1818,1660,0
1792,1642,0
1801,1625,0
1862,1612,0
1945,1603,0
2022,1597,0
1902,1596,0
1769,1601,0
1790,1613,0
1798,1631,0
1486,1652,0
1486,1697,1
3595,1697,1
1675,1697,1
1675,1697,1
1789,1720,0
1729,1743,0
1740,1766,0
1762,1787,0
1799,1805,0
1866,1819,0
1905,1829,0
1963,1834,0
2011,1834,0
2164,1830,0
2288,1823,0
2322,1813,0
2080,1805,0
1825,1799,0
